0 info it worked if it ends with ok
1 verbose cli [ 'C:\\Program Files\\nodejs\\\\node.exe',
1 verbose cli   'C:\\Program Files\\nodejs\\node_modules\\npm\\bin\\npm-cli.js',
1 verbose cli   'install',
1 verbose cli   '-g',
1 verbose cli   'grunt-lageacy-util' ]
2 info using npm@1.4.28
3 info using node@v0.10.35
4 verbose node symlink C:\Program Files\nodejs\\node.exe
5 verbose cache add [ 'grunt-lageacy-util', null ]
6 verbose cache add name=undefined spec="grunt-lageacy-util" args=["grunt-lageacy-util",null]
7 verbose parsed url { protocol: null,
7 verbose parsed url   slashes: null,
7 verbose parsed url   auth: null,
7 verbose parsed url   host: null,
7 verbose parsed url   port: null,
7 verbose parsed url   hostname: null,
7 verbose parsed url   hash: null,
7 verbose parsed url   search: null,
7 verbose parsed url   query: null,
7 verbose parsed url   pathname: 'grunt-lageacy-util',
7 verbose parsed url   path: 'grunt-lageacy-util',
7 verbose parsed url   href: 'grunt-lageacy-util' }
8 silly lockFile 71e4acc4-grunt-lageacy-util grunt-lageacy-util
9 verbose lock grunt-lageacy-util C:\Users\lenovo\AppData\Roaming\npm-cache\71e4acc4-grunt-lageacy-util.lock
10 silly lockFile 71e4acc4-grunt-lageacy-util grunt-lageacy-util
11 silly lockFile 71e4acc4-grunt-lageacy-util grunt-lageacy-util
12 verbose addNamed [ 'grunt-lageacy-util', '' ]
13 verbose addNamed [ null, '*' ]
14 silly lockFile 50fe98d8-grunt-lageacy-util grunt-lageacy-util@
15 verbose lock grunt-lageacy-util@ C:\Users\lenovo\AppData\Roaming\npm-cache\50fe98d8-grunt-lageacy-util.lock
16 silly addNameRange { name: 'grunt-lageacy-util', range: '*', hasData: false }
17 verbose request where is /grunt-lageacy-util
18 verbose request registry https://registry.npmjs.org/
19 verbose request id 815a630156837b83
20 verbose url raw /grunt-lageacy-util
21 verbose url resolving [ 'https://registry.npmjs.org/', './grunt-lageacy-util' ]
22 verbose url resolved https://registry.npmjs.org/grunt-lageacy-util
23 verbose request where is https://registry.npmjs.org/grunt-lageacy-util
24 info trying registry request attempt 1 at 23:24:41
25 http GET https://registry.npmjs.org/grunt-lageacy-util
26 http 404 https://registry.npmjs.org/grunt-lageacy-util
27 verbose headers { date: 'Fri, 09 Jan 2015 17:54:38 GMT',
27 verbose headers   server: 'CouchDB/1.5.0 (Erlang OTP/R16B03)',
27 verbose headers   'content-type': 'application/json',
27 verbose headers   'cache-control': 'max-age=0',
27 verbose headers   'content-length': '52',
27 verbose headers   'accept-ranges': 'bytes',
27 verbose headers   via: '1.1 varnish',
27 verbose headers   age: '0',
27 verbose headers   'x-served-by': 'cache-fra1236-FRA',
27 verbose headers   'x-cache': 'MISS',
27 verbose headers   'x-cache-hits': '0',
27 verbose headers   'x-timer': 'S1420826077.862118,VS0,VE420',
27 verbose headers   'keep-alive': 'timeout=10, max=50',
27 verbose headers   connection: 'Keep-Alive' }
28 silly registry.get cb [ 404,
28 silly registry.get   { date: 'Fri, 09 Jan 2015 17:54:38 GMT',
28 silly registry.get     server: 'CouchDB/1.5.0 (Erlang OTP/R16B03)',
28 silly registry.get     'content-type': 'application/json',
28 silly registry.get     'cache-control': 'max-age=0',
28 silly registry.get     'content-length': '52',
28 silly registry.get     'accept-ranges': 'bytes',
28 silly registry.get     via: '1.1 varnish',
28 silly registry.get     age: '0',
28 silly registry.get     'x-served-by': 'cache-fra1236-FRA',
28 silly registry.get     'x-cache': 'MISS',
28 silly registry.get     'x-cache-hits': '0',
28 silly registry.get     'x-timer': 'S1420826077.862118,VS0,VE420',
28 silly registry.get     'keep-alive': 'timeout=10, max=50',
28 silly registry.get     connection: 'Keep-Alive' } ]
29 silly lockFile 50fe98d8-grunt-lageacy-util grunt-lageacy-util@
30 silly lockFile 50fe98d8-grunt-lageacy-util grunt-lageacy-util@
31 error 404 404 Not Found: grunt-lageacy-util
31 error 404
31 error 404 'grunt-lageacy-util' is not in the npm registry.
31 error 404 You should bug the author to publish it
31 error 404
31 error 404 Note that you can also install from a
31 error 404 tarball, folder, or http url, or git url.
32 error System Windows_NT 6.1.7600
33 error command "C:\\Program Files\\nodejs\\\\node.exe" "C:\\Program Files\\nodejs\\node_modules\\npm\\bin\\npm-cli.js" "install" "-g" "grunt-lageacy-util"
34 error cwd C:\MetLife_Sourcecode\ost
35 error node -v v0.10.35
36 error npm -v 1.4.28
37 error code E404
38 verbose exit [ 1, true ]
